<?xml version="1.0" encoding="UTF-8"?>
<testng-results ignored="0" total="2" passed="2" failed="0" skipped="0">
  <reporter-output>
  </reporter-output>
  <suite started-at="2024-02-17T17:37:06 IST" name="Default suite" finished-at="2024-02-17T17:37:22 IST" duration-ms="15699">
    <groups>
    </groups>
    <test started-at="2024-02-17T17:37:06 IST" name="Default test" finished-at="2024-02-17T17:37:22 IST" duration-ms="15699">
      <class name="com.SearchAndImageLoadFlipkartTesting">
        <test-method is-config="true" signature="setUp()[pri:0, instance:com.SearchAndImageLoadFlipkartTesting@51e69659]" started-at="2024-02-17T17:37:06 IST" name="setUp" finished-at="2024-02-17T17:37:10 IST" duration-ms="3537" status="PASS">
          <reporter-output>
          </reporter-output>
        </test-method> <!-- setUp -->
        <test-method signature="testSearchProduct()[pri:1, instance:com.SearchAndImageLoadFlipkartTesting@51e69659]" started-at="2024-02-17T17:37:10 IST" name="testSearchProduct" finished-at="2024-02-17T17:37:21 IST" duration-ms="11421" status="PASS">
          <reporter-output>
          </reporter-output>
        </test-method> <!-- testSearchProduct -->
        <test-method signature="testImageLoad()[pri:2, instance:com.SearchAndImageLoadFlipkartTesting@51e69659]" started-at="2024-02-17T17:37:21 IST" name="testImageLoad" finished-at="2024-02-17T17:37:21 IST" duration-ms="186" status="PASS">
          <reporter-output>
          </reporter-output>
        </test-method> <!-- testImageLoad -->
        <test-method is-config="true" signature="method()[pri:0, instance:com.SearchAndImageLoadFlipkartTesting@51e69659]" started-at="2024-02-17T17:37:21 IST" name="method" finished-at="2024-02-17T17:37:22 IST" duration-ms="512" status="PASS">
          <reporter-output>
          </reporter-output>
        </test-method> <!-- method -->
      </class> <!-- com.SearchAndImageLoadFlipkartTesting -->
    </test> <!-- Default test -->
  </suite> <!-- Default suite -->
</testng-results>
